===========================
J total is 50
J1 is 15 J2 is 35
===========================
Academic license - for non-commercial use only - expires 2023-08-13
Using license file /home/wenbo/gurobi.lic
Changed value of parameter TimeLimit to 900.0
   Prev: inf  Min: 0.0  Max: inf  Default: inf
Changed value of parameter Threads to 1
   Prev: 0  Min: 0  Max: 1024  Default: 0
Changed value of parameter LogFile to sp1_l_new_formul
   Prev:   Default: 
**************** Adding the cut **************************
Warning for adding constraints: zero or small (< 1e-13) coefficients, ignored
turn on lazy constraints
**************** End *************************************
Gurobi Optimizer version 9.1.2 build v9.1.2rc0 (linux64)
Thread count: 6 physical cores, 12 logical processors, using up to 1 threads
Optimize a model with 756311 rows, 222916 columns and 14651335 nonzeros
Model fingerprint: 0xa1597407
Variable types: 221448 continuous, 1468 integer (0 binary)
Coefficient statistics:
  Matrix range     [1e-13, 1e+00]
  Objective range  [2e-06, 2e-03]
  Bounds range     [2e+01, 4e+01]
  RHS range        [5e-17, 5e+01]
Presolve removed 450631 rows and 214440 columns (presolve time = 6s) ...
Presolve removed 451477 rows and 215086 columns (presolve time = 11s) ...
Presolve removed 451497 rows and 215118 columns (presolve time = 16s) ...
Presolve removed 451497 rows and 215118 columns
Presolve time: 16.30s
Presolved: 304814 rows, 7798 columns, 5629391 nonzeros
Extracted 253490 lazy constraints
Variable types: 6708 continuous, 1090 integer (0 binary)

Root simplex log...

Iteration    Objective       Primal Inf.    Dual Inf.      Time
       0    0.0000000e+00   2.909694e+04   0.000000e+00     17s
    3918    4.0388227e-02   3.025285e+04   0.000000e+00     20s
   11385    1.5928329e-01   2.600504e+04   0.000000e+00     25s
   18255    3.2853052e-01   9.943997e+03   0.000000e+00     30s
   25165    4.4584602e-01   9.183175e+00   0.000000e+00     35s
   27759    4.4686134e-01   0.000000e+00   0.000000e+00     37s
   27759    4.4686134e-01   0.000000e+00   0.000000e+00     37s

Root relaxation: objective 4.468613e-01, 27759 iterations, 19.26 seconds

    Nodes    |    Current Node    |     Objective Bounds      |     Work
 Expl Unexpl |  Obj  Depth IntInf | Incumbent    BestBd   Gap | It/Node Time

     0     0    0.44686    0   88          -    0.44686      -     -   36s
H    0     0                       0.4480445    0.44686  0.26%     -   37s
     0     0    0.44765    0   85    0.44804    0.44765  0.09%     -   39s
H    0     0                       0.4477932    0.44765  0.03%     -   39s
     0     0    0.44765    0   85    0.44779    0.44765  0.03%     -   41s
H    0     0                       0.4477634    0.44765  0.03%     -   42s
Extracted 78099 lazy constraints
     0     0    0.44765    0   84    0.44776    0.44765  0.03%     -   50s
     0     0    0.44765    0   84    0.44776    0.44765  0.03%     -   57s
     0     2    0.44765    0   84    0.44776    0.44765  0.03%     -   59s
     3     5    0.44769    2   78    0.44776    0.44766  0.02%   147   60s
    39    11     cutoff    7         0.44776    0.44768  0.02%   255   65s
    81    13     cutoff    8         0.44776    0.44769  0.02%   256   70s
   114    10     cutoff    6         0.44776    0.44770  0.01%   279   75s

Explored 119 nodes (70099 simplex iterations) in 76.08 seconds
Thread count was 1 (of 12 available processors)

Solution count 3: 0.447763 0.447793 0.448045 

Optimal solution found (tolerance 1.00e-04)
Best objective 4.477633761714e-01, best bound 4.477213692516e-01, gap 0.0094%
********** optimal solution for Z **********
(1, (-100, -100), 1) 15.0
(1, (-100, -100), 2) 15.0
(1, (-100, -100), 3) 15.0
(1, (4, 1), 4) 15.0
(1, (3, 1), 5) 2.0
(1, (4, 1), 5) 3.0
(1, (4, 2), 5) 10.0
(1, (3, 2), 6) 2.0
(1, (4, 2), 6) 4.0
(1, (4, 3), 6) 9.0
(1, (3, 3), 7) 2.0
(1, (4, 3), 7) 4.0
(1, (4, 4), 7) 9.0
(1, (4, 3), 8) 2.0
(1, (4, 5), 8) 4.0
(1, (5, 3), 8) 4.0
(1, (5, 4), 8) 5.0
(1, (4, 6), 9) 4.0
(1, (5, 3), 9) 2.0
(1, (5, 4), 9) 5.0
(1, (5, 5), 9) 4.0
(1, (4, 7), 10) 4.0
(1, (5, 4), 10) 2.0
(1, (5, 5), 10) 5.0
(1, (5, 6), 10) 4.0
(1, (4, 8), 11) 4.0
(1, (5, 5), 11) 2.0
(1, (5, 6), 11) 2.0
(1, (5, 7), 11) 2.0
(1, (6, 5), 11) 3.0
(1, (6, 6), 11) 2.0
(1, (4, 8), 12) 1.0
(1, (5, 6), 12) 2.0
(1, (5, 7), 12) 2.0
(1, (5, 8), 12) 5.0
(1, (6, 6), 12) 3.0
(1, (6, 7), 12) 2.0
(1, (4, 9), 13) 1.0
(1, (5, 7), 13) 2.0
(1, (5, 8), 13) 2.0
(1, (5, 9), 13) 5.0
(1, (6, 7), 13) 3.0
(1, (6, 8), 13) 2.0
(1, (4, 9), 14) 2.0
(1, (5, 7), 14) 3.0
(1, (5, 8), 14) 4.0
(1, (5, 9), 14) 6.0
(1, (4, 9), 15) 2.0
(1, (5, 7), 15) 3.0
(1, (5, 9), 15) 10.0
(2, (-100, -100), 1) 35.0
(2, (-100, -100), 2) 35.0
(2, (-100, -100), 3) 35.0
(2, (-100, -100), 4) 35.0
(2, (-100, -100), 5) 35.0
(2, (-100, -100), 6) 35.0
(2, (4, 1), 7) 35.0
(2, (3, 1), 8) 11.0
(2, (4, 1), 8) 2.0
(2, (4, 2), 8) 22.0
(2, (4, 1), 9) 11.0
(2, (4, 2), 9) 10.0
(2, (4, 3), 9) 12.0
(2, (5, 1), 9) 2.0
(2, (4, 1), 10) 10.0
(2, (4, 3), 10) 10.0
(2, (4, 4), 10) 11.0
(2, (5, 1), 10) 1.0
(2, (5, 3), 10) 1.0
(2, (6, 1), 10) 2.0
(2, (4, 4), 11) 5.0
(2, (4, 5), 11) 8.0
(2, (5, 1), 11) 10.0
(2, (5, 3), 11) 5.0
(2, (5, 4), 11) 3.0
(2, (6, 1), 11) 1.0
(2, (6, 2), 11) 2.0
(2, (6, 3), 11) 1.0
(2, (4, 6), 12) 3.0
(2, (5, 4), 12) 6.0
(2, (5, 5), 12) 5.0
(2, (6, 1), 12) 13.0
(2, (6, 3), 12) 4.0
(2, (6, 4), 12) 4.0
(2, (4, 7), 13) 3.0
(2, (5, 5), 13) 6.0
(2, (5, 6), 13) 5.0
(2, (6, 1), 13) 10.0
(2, (6, 2), 13) 2.0
(2, (6, 4), 13) 2.0
(2, (6, 5), 13) 4.0
(2, (7, 1), 13) 3.0
(2, (4, 8), 14) 3.0
(2, (5, 1), 14) 6.0
(2, (5, 2), 14) 2.0
(2, (5, 4), 14) 2.0
(2, (5, 5), 14) 4.0
(2, (5, 6), 14) 6.0
(2, (5, 7), 14) 5.0
(2, (6, 1), 14) 7.0
(2, (4, 7), 15) 1.0
(2, (4, 9), 15) 3.0
(2, (5, 1), 15) 1.0
(2, (5, 2), 15) 8.0
(2, (5, 3), 15) 2.0
(2, (5, 6), 15) 4.0
(2, (5, 7), 15) 6.0
(2, (5, 8), 15) 4.0
(2, (6, 1), 15) 6.0
********** number of possible looks *********
M by path is {1: 0.0, 2: 16.0, 3: 0.0, 4: 42.0, 5: 22.0, 6: 35.0, 7: 26.0, 8: 2.0, 9: 18.0, 10: 33.0, 11: 19.0, 12: 8.0, 13: 6.0, 14: 2.0, 15: 12.0, 16: 4.0, 17: 20.0, 18: 47.0, 19: 13.0, 20: 31.0, 21: 20.0, 22: 17.0, 23: 7.0, 24: 69.0, 25: 32.0, 26: 4.0, 27: 14.0, 28: 11.0, 29: 10.0, 30: 0.0, 31: 30.0, 32: 27.0, 33: 33.0, 34: 27.0, 35: 14.0, 36: 31.0, 37: 3.0, 38: 0.0, 39: 4.0, 40: 8.0, 41: 9.0, 42: 7.0, 43: 12.0, 44: 0.0, 45: 0.0, 46: 0.0, 47: 20.0, 48: 0.0, 49: 20.0, 50: 1.0, 51: 23.0, 52: 26.0, 53: 70.0, 54: 0.0, 55: 35.0, 56: 6.0, 57: 19.0, 58: 2.0, 59: 47.0, 60: 18.0, 61: 2.0, 62: 10.0, 63: 5.0, 64: 18.0, 65: 2.0, 66: 28.0, 67: 26.0, 68: 36.0, 69: 26.0, 70: 21.0, 71: 30.0, 72: 10.0, 73: 0.0, 74: 9.0, 75: 2.0, 76: 20.0, 77: 13.0, 78: 23.0, 79: 5.0, 80: 22.0, 81: 28.0, 82: 22.0, 83: 10.0, 84: 2.0, 85: 13.0, 86: 12.0, 87: 10.0, 88: 1.0, 89: 20.0, 90: 6.0, 91: 15.0, 92: 19.0, 93: 15.0, 94: 21.0, 95: 26.0, 96: 15.0, 97: 54.0, 98: 7.0, 99: 65.0, 100: 15.0, 101: 36.0, 102: 19.0, 103: 36.0, 104: 18.0, 105: 25.0, 106: 25.0, 107: 15.0, 108: 21.0, 109: 10.0, 110: 4.0, 111: 16.0, 112: 12.0, 113: 14.0, 114: 15.0, 115: 4.0, 116: 34.0, 117: 36.0, 118: 21.0, 119: 6.0, 120: 20.0, 121: 27.0, 122: 19.0, 123: 0.0, 124: 10.0, 125: 12.0, 126: 0.0, 127: 9.0, 128: 6.0, 129: 23.0, 130: 36.0, 131: 38.0, 132: 38.0, 133: 24.0, 134: 32.0, 135: 15.0, 136: 0.0, 137: 11.0, 138: 8.0, 139: 42.0, 140: 7.0, 141: 14.0, 142: 19.0, 143: 4.0, 144: 38.0, 145: 30.0, 146: 29.0, 147: 26.0, 148: 21.0, 149: 20.0, 150: 10.0, 151: 0.0, 152: 9.0, 153: 2.0, 154: 22.0, 155: 0.0, 156: 23.0, 157: 12.0, 158: 22.0, 159: 36.0, 160: 22.0, 161: 25.0, 162: 23.0, 163: 52.0, 164: 21.0, 165: 5.0, 166: 0.0, 167: 26.0, 168: 8.0, 169: 28.0, 170: 17.0, 171: 27.0, 172: 14.0, 173: 27.0, 174: 3.0, 175: 0.0, 176: 4.0, 177: 11.0, 178: 15.0, 179: 0.0, 180: 0.0, 181: 17.0, 182: 31.0, 183: 16.0, 184: 23.0, 185: 21.0, 186: 4.0, 187: 26.0, 188: 15.0, 189: 7.0, 190: 0.0, 191: 25.0, 192: 6.0, 193: 15.0, 194: 21.0, 195: 18.0, 196: 3.0, 197: 24.0, 198: 0.0, 199: 0.0, 200: 0.0, 201: 17.0, 202: 0.0, 203: 21.0, 204: 0.0, 205: 16.0, 206: 26.0, 207: 0.0, 208: 29.0, 209: 0.0, 210: 34.0, 211: 9.0, 212: 6.0, 213: 0.0, 214: 3.0, 215: 19.0, 216: 3.0, 217: 21.0, 218: 0.0, 219: 27.0, 220: 0.0, 221: 5.0, 222: 0.0, 223: 23.0, 224: 19.0, 225: 0.0, 226: 26.0, 227: 12.0, 228: 5.0, 229: 25.0, 230: 0.0, 231: 23.0, 232: 19.0, 233: 12.0, 234: 26.0, 235: 8.0, 236: 0.0, 237: 0.0, 238: 3.0, 239: 11.0, 240: 0.0, 241: 26.0, 242: 25.0, 243: 17.0, 244: 4.0, 245: 22.0, 246: 3.0, 247: 11.0, 248: 0.0, 249: 12.0, 250: 26.0, 251: 12.0, 252: 5.0, 253: 22.0, 254: 3.0, 255: 11.0, 256: 4.0, 257: 19.0, 258: 0.0, 259: 32.0, 260: 20.0, 261: 22.0, 262: 3.0, 263: 11.0, 264: 4.0, 265: 19.0, 266: 0.0, 267: 18.0, 268: 18.0, 269: 3.0, 270: 22.0, 271: 26.0, 272: 0.0, 273: 22.0, 274: 22.0, 275: 20.0, 276: 22.0, 277: 0.0, 278: 22.0, 279: 19.0, 280: 3.0, 281: 22.0, 282: 0.0, 283: 28.0, 284: 22.0, 285: 4.0, 286: 19.0, 287: 12.0, 288: 7.0, 289: 4.0, 290: 5.0, 291: 24.0, 292: 7.0, 293: 4.0, 294: 19.0, 295: 12.0, 296: 7.0, 297: 10.0, 298: 4.0, 299: 24.0, 300: 2.0, 301: 19.0, 302: 0.0, 303: 16.0, 304: 23.0, 305: 17.0, 306: 4.0, 307: 24.0, 308: 2.0, 309: 22.0, 310: 12.0, 311: 22.0, 312: 15.0, 313: 6.0, 314: 27.0, 315: 0.0, 316: 7.0, 317: 22.0, 318: 15.0, 319: 0.0, 320: 3.0, 321: 16.0, 322: 22.0, 323: 0.0, 324: 7.0, 325: 22.0, 326: 15.0, 327: 0.0, 328: 2.0, 329: 18.0, 330: 22.0, 331: 24.0, 332: 15.0, 333: 8.0, 334: 5.0, 335: 22.0, 336: 7.0, 337: 13.0, 338: 27.0, 339: 17.0, 340: 7.0, 341: 0.0, 342: 4.0, 343: 22.0, 344: 0.0, 345: 14.0, 346: 27.0, 347: 17.0, 348: 7.0, 349: 4.0, 350: 19.0, 351: 7.0, 352: 8.0, 353: 17.0, 354: 27.0, 355: 17.0, 356: 7.0, 357: 4.0, 358: 19.0, 359: 17.0, 360: 2.0, 361: 17.0, 362: 4.0, 363: 24.0, 364: 0.0, 365: 5.0, 366: 24.0, 367: 22.0, 368: 2.0, 369: 17.0, 370: 4.0, 371: 24.0, 372: 0.0, 373: 4.0, 374: 19.0, 375: 7.0, 376: 8.0, 377: 17.0, 378: 4.0, 379: 24.0, 380: 2.0, 381: 22.0, 382: 0.0, 383: 26.0, 384: 24.0, 385: 19.0, 386: 4.0, 387: 17.0, 388: 4.0, 389: 22.0, 390: 0.0, 391: 23.0, 392: 19.0, 393: 12.0, 394: 26.0, 395: 12.0, 396: 0.0, 397: 23.0, 398: 7.0, 399: 16.0, 400: 17.0, 401: 26.0, 402: 11.0, 403: 22.0, 404: 20.0, 405: 7.0, 406: 0.0, 407: 25.0, 408: 17.0, 409: 26.0, 410: 11.0, 411: 10.0, 412: 12.0, 413: 0.0, 414: 8.0, 415: 15.0, 416: 17.0, 417: 26.0, 418: 11.0, 419: 10.0, 420: 8.0, 421: 2.0, 422: 7.0, 423: 0.0, 424: 17.0, 425: 19.0, 426: 4.0, 427: 17.0, 428: 8.0, 429: 15.0, 430: 7.0, 431: 0.0, 432: 17.0, 433: 19.0, 434: 7.0, 435: 15.0, 436: 8.0, 437: 3.0, 438: 26.0, 439: 0.0, 440: 20.0, 441: 19.0, 442: 11.0, 443: 0.0, 444: 4.0, 445: 0.0, 446: 23.0, 447: 15.0, 448: 20.0, 449: 18.0, 450: 7.0, 451: 8.0, 452: 0.0, 453: 2.0, 454: 7.0, 455: 16.0, 456: 17.0, 457: 3.0, 458: 8.0, 459: 15.0, 460: 12.0, 461: 2.0, 462: 7.0, 463: 16.0, 464: 17.0, 465: 1.0, 466: 7.0, 467: 15.0, 468: 10.0, 469: 8.0, 470: 7.0, 471: 16.0, 472: 17.0, 473: 26.0, 474: 11.0, 475: 8.0, 476: 0.0, 477: 23.0, 478: 7.0, 479: 16.0, 480: 17.0, 481: 26.0, 482: 11.0, 483: 22.0, 484: 20.0, 485: 7.0, 486: 2.0, 487: 15.0, 488: 10.0, 489: 13.0, 490: 14.0, 491: 15.0, 492: 2.0, 493: 19.0, 494: 4.0, 495: 22.0, 496: 0.0, 497: 13.0, 498: 27.0, 499: 6.0, 500: 8.0, 501: 19.0, 502: 4.0, 503: 22.0, 504: 2.0, 505: 17.0, 506: 0.0, 507: 20.0, 508: 6.0, 509: 17.0, 510: 20.0, 511: 12.0, 512: 22.0, 513: 18.0, 514: 10.0, 515: 22.0, 516: 17.0, 517: 20.0, 518: 17.0, 519: 19.0, 520: 3.0, 521: 18.0, 522: 22.0, 523: 22.0, 524: 17.0, 525: 20.0, 526: 17.0, 527: 29.0, 528: 22.0, 529: 18.0, 530: 10.0, 531: 24.0, 532: 14.0, 533: 17.0, 534: 12.0, 535: 12.0, 536: 23.0, 537: 15.0, 538: 14.0, 539: 0.0, 540: 14.0, 541: 17.0, 542: 12.0, 543: 12.0, 544: 23.0, 545: 23.0, 546: 22.0, 547: 0.0, 548: 18.0, 549: 12.0, 550: 4.0, 551: 22.0, 552: 23.0, 553: 17.0, 554: 22.0, 555: 0.0, 556: 22.0, 557: 17.0, 558: 10.0, 559: 18.0, 560: 18.0, 561: 14.0, 562: 0.0, 563: 8.0, 564: 22.0, 565: 17.0, 566: 20.0, 567: 12.0, 568: 22.0, 569: 14.0, 570: 8.0, 571: 8.0, 572: 22.0, 573: 17.0, 574: 20.0, 575: 12.0, 576: 22.0, 577: 25.0, 578: 22.0, 579: 22.0, 580: 17.0, 581: 10.0, 582: 0.0, 583: 12.0, 584: 18.0, 585: 25.0, 586: 22.0, 587: 22.0, 588: 17.0, 589: 10.0, 590: 20.0, 591: 12.0, 592: 22.0, 593: 14.0, 594: 22.0, 595: 22.0, 596: 17.0, 597: 20.0, 598: 17.0, 599: 19.0, 600: 3.0, 601: 18.0, 602: 22.0, 603: 10.0, 604: 12.0, 605: 2.0, 606: 7.0, 607: 18.0, 608: 20.0, 609: 18.0, 610: 7.0, 611: 15.0, 612: 10.0, 613: 8.0, 614: 23.0, 615: 15.0, 616: 20.0, 617: 18.0, 618: 30.0, 619: 18.0, 620: 25.0, 621: 22.0, 622: 18.0, 623: 53.0, 624: 4.0, 625: 12.0, 626: 30.0, 627: 18.0, 628: 25.0, 629: 18.0, 630: 22.0, 631: 23.0, 632: 18.0, 633: 12.0, 634: 30.0, 635: 18.0, 636: 25.0, 637: 18.0, 638: 22.0, 639: 53.0, 640: 29.0, 641: 24.0, 642: 14.0, 643: 18.0, 644: 14.0, 645: 23.0, 646: 23.0, 647: 23.0, 648: 12.0, 649: 60.0, 650: 14.0, 651: 18.0, 652: 23.0, 653: 23.0, 654: 3.0, 655: 23.0, 656: 12.0, 657: 60.0, 658: 14.0, 659: 18.0, 660: 21.0, 661: 3.0, 662: 12.0, 663: 0.0, 664: 12.0, 665: 60.0, 666: 23.0, 667: 45.0, 668: 21.0, 669: 22.0, 670: 22.0, 671: 23.0, 672: 25.0, 673: 12.0, 674: 22.0, 675: 18.0, 676: 12.0, 677: 18.0, 678: 22.0, 679: 23.0, 680: 25.0, 681: 12.0, 682: 22.0, 683: 57.0, 684: 21.0, 685: 22.0, 686: 3.0, 687: 23.0, 688: 25.0, 689: 12.0, 690: 30.0, 691: 18.0, 692: 20.0, 693: 3.0, 694: 16.0, 695: 23.0, 696: 25.0, 697: 12.0, 698: 30.0, 699: 18.0, 700: 25.0, 701: 22.0, 702: 18.0, 703: 53.0, 704: 29.0, 705: 23.0, 706: 4.0, 707: 18.0, 708: 21.0, 709: 22.0, 710: 18.0, 711: 53.0, 712: 29.0, 713: 26.0, 714: 21.0, 715: 8.0, 716: 22.0, 717: 0.0, 718: 17.0, 719: 18.0, 720: 18.0, 721: 25.0, 722: 22.0, 723: 14.0, 724: 3.0, 725: 12.0, 726: 17.0, 727: 18.0, 728: 18.0, 729: 20.0, 730: 21.0, 731: 20.0, 732: 26.0, 733: 29.0, 734: 25.0, 735: 12.0, 736: 23.0, 737: 13.0, 738: 12.0, 739: 17.0, 740: 26.0, 741: 29.0, 742: 25.0, 743: 12.0, 744: 31.0, 745: 20.0, 746: 21.0, 747: 20.0, 748: 2.0, 749: 29.0, 750: 25.0, 751: 12.0, 752: 26.0, 753: 18.0, 754: 15.0, 755: 8.0, 756: 6.0, 757: 12.0, 758: 31.0, 759: 0.0, 760: 26.0, 761: 18.0, 762: 11.0, 763: 17.0, 764: 6.0, 765: 31.0, 766: 12.0, 767: 12.0, 768: 7.0, 769: 18.0, 770: 8.0, 771: 17.0, 772: 6.0, 773: 31.0, 774: 12.0, 775: 12.0, 776: 26.0, 777: 18.0, 778: 20.0, 779: 17.0, 780: 52.0, 781: 25.0, 782: 29.0, 783: 27.0, 784: 53.0, 785: 17.0, 786: 4.0, 787: 17.0, 788: 52.0, 789: 25.0, 790: 29.0, 791: 27.0, 792: 53.0, 793: 26.0, 794: 27.0, 795: 17.0, 796: 26.0, 797: 29.0, 798: 20.0, 799: 12.0, 800: 53.0, 801: 10.0, 802: 27.0, 803: 17.0, 804: 26.0, 805: 29.0, 806: 25.0, 807: 27.0, 808: 53.0, 809: 17.0, 810: 4.0, 811: 17.0, 812: 26.0, 813: 29.0, 814: 25.0, 815: 12.0, 816: 23.0, 817: 13.0, 818: 12.0, 819: 17.0, 820: 26.0, 821: 29.0, 822: 25.0, 823: 12.0, 824: 31.0, 825: 24.0, 826: 23.0, 827: 57.0, 828: 21.0, 829: 22.0, 830: 3.0, 831: 23.0, 832: 29.0, 833: 24.0, 834: 23.0, 835: 57.0, 836: 21.0, 837: 22.0, 838: 22.0, 839: 23.0, 840: 5.0, 841: 26.0, 842: 58.0, 843: 60.0, 844: 23.0, 845: 26.0, 846: 53.0, 847: 56.0, 848: 20.0, 849: 63.0, 850: 58.0, 851: 60.0, 852: 23.0, 853: 26.0, 854: 53.0, 855: 56.0, 856: 14.0, 857: 63.0, 858: 26.0, 859: 10.0, 860: 5.0, 861: 2.0, 862: 53.0, 863: 16.0, 864: 20.0, 865: 12.0, 866: 24.0, 867: 0.0, 868: 26.0, 869: 26.0, 870: 18.0, 871: 16.0, 872: 17.0, 873: 12.0, 874: 24.0, 875: 10.0, 876: 20.0, 877: 16.0, 878: 23.0, 879: 23.0, 880: 16.0, 881: 25.0, 882: 48.0, 883: 0.0, 884: 20.0, 885: 16.0, 886: 26.0, 887: 16.0, 888: 16.0, 889: 29.0, 890: 58.0, 891: 60.0, 892: 20.0, 893: 53.0, 894: 53.0, 895: 56.0, 896: 31.0, 897: 29.0, 898: 58.0, 899: 60.0, 900: 14.0, 901: 53.0, 902: 23.0, 903: 16.0, 904: 31.0, 905: 29.0, 906: 58.0, 907: 60.0, 908: 23.0, 909: 23.0, 910: 2.0, 911: 16.0, 912: 31.0, 913: 29.0, 914: 58.0, 915: 60.0, 916: 23.0, 917: 31.0, 918: 26.0, 919: 16.0, 920: 14.0, 921: 63.0, 922: 23.0, 923: 10.0, 924: 23.0, 925: 53.0, 926: 26.0, 927: 16.0, 928: 14.0, 929: 63.0, 930: 31.0, 931: 60.0, 932: 23.0, 933: 23.0, 934: 2.0, 935: 16.0, 936: 26.0, 937: 10.0, 938: 27.0, 939: 17.0, 940: 23.0, 941: 4.0, 942: 18.0, 943: 12.0, 944: 26.0, 945: 10.0, 946: 27.0, 947: 17.0, 948: 31.0, 949: 25.0, 950: 29.0, 951: 52.0, 952: 11.0, 953: 26.0, 954: 21.0, 955: 35.0, 956: 9.0, 957: 14.0, 958: 31.0, 959: 52.0, 960: 11.0, 961: 18.0, 962: 14.0, 963: 35.0, 964: 8.0, 965: 20.0, 966: 31.0, 967: 52.0, 968: 11.0, 969: 29.0, 970: 23.0, 971: 45.0, 972: 22.0, 973: 31.0, 974: 31.0, 975: 16.0, 976: 56.0, 977: 46.0, 978: 10.0, 979: 20.0, 980: 25.0, 981: 16.0, 982: 20.0, 983: 0.0, 984: 13.0, 985: 27.0, 986: 10.0, 987: 0.0, 988: 25.0, 989: 16.0, 990: 20.0, 991: 0.0, 992: 22.0, 993: 46.0, 994: 10.0, 995: 20.0, 996: 18.0, 997: 16.0, 998: 20.0, 999: 0.0, 1000: 0.0}
M total is 18097.0
********** optimal solution for O **********
(1, 4) 15.0
(2, 7) 35.0
===========================
J total is 75
J1 is 23 J2 is 52
===========================
Changed value of parameter TimeLimit to 900.0
   Prev: inf  Min: 0.0  Max: inf  Default: inf
Changed value of parameter Threads to 1
   Prev: 0  Min: 0  Max: 1024  Default: 0
Changed value of parameter LogFile to sp1_l_new_formul
   Prev:   Default: 
**************** Adding the cut **************************
Warning for adding constraints: zero or small (< 1e-13) coefficients, ignored
turn on lazy constraints
**************** End *************************************
Gurobi Optimizer version 9.1.2 build v9.1.2rc0 (linux64)
Thread count: 6 physical cores, 12 logical processors, using up to 1 threads
Optimize a model with 1131311 rows, 222916 columns and 21629815 nonzeros
Model fingerprint: 0xa35bbf63
Variable types: 221448 continuous, 1468 integer (0 binary)
Coefficient statistics:
  Matrix range     [1e-13, 1e+00]
  Objective range  [2e-06, 2e-03]
  Bounds range     [2e+01, 5e+01]
  RHS range        [5e-17, 8e+01]
Presolve removed 674037 rows and 211670 columns (presolve time = 5s) ...
Presolve removed 674795 rows and 214776 columns (presolve time = 12s) ...
Presolve removed 675628 rows and 215066 columns (presolve time = 15s) ...
Presolve removed 675654 rows and 215108 columns (presolve time = 20s) ...
Presolve removed 675662 rows and 215118 columns (presolve time = 26s) ...
Presolve removed 675662 rows and 215118 columns
Presolve time: 26.11s
Presolved: 455649 rows, 7798 columns, 8427303 nonzeros
Extracted 379325 lazy constraints
Variable types: 6708 continuous, 1090 integer (0 binary)

Root simplex log...

Iteration    Objective       Primal Inf.    Dual Inf.      Time
       0    0.0000000e+00   4.451925e+04   0.000000e+00     28s
    2136    7.0032026e-04   7.101944e+04   0.000000e+00     30s
    6356    6.5154265e-02   7.697304e+04   0.000000e+00     35s
   10936    1.5074299e-01   8.935630e+04   0.000000e+00     40s
   15056    2.6245947e-01   4.759445e+04   0.000000e+00     45s
   19326    4.0791601e-01   3.631459e+03   0.000000e+00     50s
   24626    4.4646777e-01   6.837190e+00   0.000000e+00     55s
   26187    4.4617090e-01   0.000000e+00   0.000000e+00     56s
   26187    4.4617090e-01   0.000000e+00   0.000000e+00     56s

Root relaxation: objective 4.461709e-01, 26187 iterations, 28.62 seconds

    Nodes    |    Current Node    |     Objective Bounds      |     Work
 Expl Unexpl |  Obj  Depth IntInf | Incumbent    BestBd   Gap | It/Node Time

     0     0    0.44617    0   97          -    0.44617      -     -   56s
     0     0    0.44665    0   91          -    0.44665      -     -   60s
     0     0    0.44665    0   91          -    0.44665      -     -   61s
     0     0    0.44665    0   91          -    0.44665      -     -   63s
Extracted 347107 lazy constraints
     0     0    0.44665    0   94          -    0.44665      -     -   94s
     0     0    0.44665    0   94          -    0.44665      -     -  108s
     0     2    0.44665    0   94          -    0.44665      -     -  113s
     4     6    0.44669    3   89          -    0.44665      -   178  116s
H   11    11                       0.4468404    0.44665  0.04%   186  119s
    14    16    0.44671   11   88    0.44684    0.44665  0.04%   210  120s
H   24    24                       0.4467427    0.44665  0.02%   188  122s
*   35    33              25       0.4467368    0.44665  0.02%   167  123s
    45    39    0.44667    8   77    0.44674    0.44665  0.02%   149  125s
Extracted 118530 lazy constraints
    51    42    0.44665    0   91    0.44674    0.44665  0.02%   153  144s
    53    43    0.44665    0   98    0.44674    0.44665  0.02%   148  165s
    55    45    0.44665    0   98    0.44674    0.44665  0.02%   142  171s
Extracted 91825 lazy constraints
    58    48    0.44665    0   95    0.44674    0.44665  0.02%   266  194s
    59    49    0.44665    0   95    0.44674    0.44665  0.02%   262  197s
    61    52    0.44665   28   96    0.44674    0.44665  0.02%   425  210s
    62    53    0.44669   28   95    0.44674    0.44665  0.02%   431  220s
    80    64    0.44671   37   47    0.44674    0.44667  0.01%   382  225s
*   90    64              42       0.4467353    0.44667  0.01%   355  225s
   126    70    0.44668   31   88    0.44674    0.44667  0.01%   294  230s
H  168    76                       0.4467321    0.44667  0.01%   253  234s
*  177    71              47       0.4467255    0.44667  0.01%   244  234s

Explored 182 nodes (89624 simplex iterations) in 234.73 seconds
Thread count was 1 (of 12 available processors)

Solution count 6: 0.446726 0.446732 0.446735 ... 0.44684

Optimal solution found (tolerance 1.00e-04)
Best objective 4.467255293409e-01, best bound 4.466809477767e-01, gap 0.0100%
********** optimal solution for Z **********
(1, (-100, -100), 1) 23.0
(1, (-100, -100), 2) 23.0
(1, (-100, -100), 3) 23.0
(1, (4, 1), 4) 23.0
(1, (3, 1), 5) 4.0
(1, (4, 1), 5) 4.0
(1, (4, 2), 5) 15.0
(1, (3, 2), 6) 2.0
(1, (4, 1), 6) 2.0
(1, (4, 2), 6) 6.0000000000002744
(1, (4, 3), 6) 12.999999999999725
(1, (3, 3), 7) 2.0
(1, (4, 3), 7) 6.0000000000002744
(1, (4, 4), 7) 12.999999999999725
(1, (5, 1), 7) 2.0
(1, (4, 3), 8) 2.0
(1, (4, 5), 8) 6.0
(1, (5, 2), 8) 2.0
(1, (5, 3), 8) 6.0000000000002744
(1, (5, 4), 8) 6.9999999999997256
(1, (4, 6), 9) 6.0
(1, (5, 3), 9) 4.0
(1, (5, 4), 9) 7.0
(1, (5, 5), 9) 6.0
(1, (4, 7), 10) 6.0
(1, (5, 4), 10) 4.0
(1, (5, 5), 10) 7.0
(1, (5, 6), 10) 6.0
(1, (4, 8), 11) 6.0
(1, (5, 5), 11) 4.0
(1, (5, 6), 11) 2.0
(1, (5, 7), 11) 3.0
(1, (6, 5), 11) 5.0
(1, (6, 6), 11) 3.0
(1, (4, 8), 12) 1.0
(1, (5, 6), 12) 4.0
(1, (5, 7), 12) 2.0
(1, (5, 8), 12) 8.0
(1, (6, 6), 12) 5.0
(1, (6, 7), 12) 3.0
(1, (4, 9), 13) 1.0
(1, (5, 7), 13) 4.0
(1, (5, 8), 13) 2.0
(1, (5, 9), 13) 8.0
(1, (6, 7), 13) 5.0
(1, (6, 8), 13) 3.0
(1, (4, 9), 14) 2.0
(1, (5, 7), 14) 5.0
(1, (5, 8), 14) 7.0
(1, (5, 9), 14) 9.0
(1, (4, 9), 15) 2.9999999999997264
(1, (5, 8), 15) 5.0
(1, (5, 9), 15) 15.000000000000272
(2, (-100, -100), 1) 52.0
(2, (-100, -100), 2) 52.0
(2, (-100, -100), 3) 52.0
(2, (-100, -100), 4) 52.0
(2, (-100, -100), 5) 52.0
(2, (-100, -100), 6) 52.0
(2, (4, 1), 7) 52.0
(2, (3, 1), 8) 16.0
(2, (4, 1), 8) 3.000000000000038
(2, (4, 2), 8) 32.999999999999964
(2, (4, 1), 9) 16.0
(2, (4, 2), 9) 14.999999999999963
(2, (4, 3), 9) 18.0
(2, (5, 1), 9) 3.000000000000038
(2, (4, 1), 10) 14.0
(2, (4, 3), 10) 14.999999999999963
(2, (4, 4), 10) 17.0
(2, (5, 1), 10) 2.0
(2, (5, 3), 10) 1.0
(2, (6, 1), 10) 3.000000000000038
(2, (4, 4), 11) 7.0
(2, (4, 5), 11) 12.0
(2, (5, 1), 11) 14.0
(2, (5, 3), 11) 7.999999999999964
(2, (5, 4), 11) 5.0
(2, (6, 1), 11) 2.0
(2, (6, 2), 11) 2.000000000000038
(2, (6, 3), 11) 1.0
(2, (7, 1), 11) 1.0
(2, (4, 6), 12) 5.0
(2, (5, 4), 12) 8.999999999999948
(2, (5, 5), 12) 7.0
(2, (6, 1), 12) 19.000000000000053
(2, (6, 3), 12) 6.0
(2, (6, 4), 12) 6.0
(2, (4, 7), 13) 5.0
(2, (5, 5), 13) 8.99999999999995
(2, (5, 6), 13) 7.0
(2, (6, 1), 13) 16.00000000000021
(2, (6, 2), 13) 3.999999999999839
(2, (6, 4), 13) 3.0
(2, (6, 5), 13) 6.0
(2, (7, 1), 13) 2.0
(2, (4, 8), 14) 5.0
(2, (5, 1), 14) 8.000000000000213
(2, (5, 2), 14) 3.999999999999839
(2, (5, 4), 14) 3.0
(2, (5, 5), 14) 6.0
(2, (5, 6), 14) 8.999999999999948
(2, (5, 7), 14) 7.0
(2, (6, 1), 14) 10.0
(2, (4, 7), 15) 0.9999999999999629
(2, (4, 9), 15) 5.0
(2, (5, 1), 15) 0.9999999999997593
(2, (5, 2), 15) 11.000000000000513
(2, (5, 3), 15) 3.9999999999995395
(2, (5, 6), 15) 6.0
(2, (5, 7), 15) 14.000000000000284
(2, (5, 8), 15) 0.9999999999997009
(2, (6, 1), 15) 9.00000000000024
********** number of possible looks *********
M by path is {1: 0.0, 2: 25.00000000000021, 3: 0.0, 4: 60.99999999999989, 5: 32.999999999999964, 6: 53.0, 7: 39.99999999999954, 8: 4.0, 9: 25.99999999999995, 10: 50.999999999999375, 11: 28.999999999999925, 12: 12.999999999999948, 13: 12.0, 14: 10.0, 15: 17.000000000000153, 16: 6.0000000000002744, 17: 30.000000000000274, 18: 69.99999999999997, 19: 19.0, 20: 46.00000000000024, 21: 29.000000000000547, 22: 25.000000000000274, 23: 10.000000000000274, 24: 103.00000000000053, 25: 47.00000000000055, 26: 6.0, 27: 20.0, 28: 17.0, 29: 14.0, 30: 0.0, 31: 42.00000000000055, 32: 40.00000000000024, 33: 48.00000000000055, 34: 41.00000000000027, 35: 21.000000000000274, 36: 46.00000000000024, 37: 4.0, 38: 0.0, 39: 6.0000000000002744, 40: 12.0, 41: 13.000000000000549, 42: 10.0, 43: 18.000000000000824, 44: 0.0, 45: 0.0, 46: 0.0, 47: 29.999999999999925, 48: 0.0, 49: 29.999999999999925, 50: 0.9999999999999629, 51: 34.999999999999964, 52: 38.0, 53: 103.99999999999997, 54: 0.0, 55: 51.999999999999964, 56: 16.0, 57: 26.99999999999993, 58: 8.0, 59: 68.99999999999974, 60: 29.9999999999999, 61: 3.0, 62: 16.0, 63: 7.0, 64: 26.99999999999995, 65: 3.0, 66: 42.999999999999446, 67: 38.99999999999967, 68: 53.999999999999446, 69: 37.99999999999962, 70: 30.999999999999723, 71: 44.99999999999967, 72: 15.0, 73: 0.0, 74: 12.999999999999725, 75: 4.0, 76: 28.99999999999945, 77: 19.00000000000024, 78: 32.999999999999176, 79: 8.0, 80: 35.99999999999993, 81: 40.999999999999446, 82: 31.99999999999993, 83: 15.0, 84: 2.0, 85: 18.999999999999723, 86: 20.0, 87: 15.0, 88: 0.9999999999999629, 89: 29.99999999999945, 90: 10.0, 91: 23.0, 92: 26.999999999999762, 93: 23.0, 94: 33.99999999999967, 95: 38.99999999999967, 96: 21.99999999999995, 97: 79.99999999999918, 98: 11.0, 99: 97.99999999999939, 100: 21.99999999999995, 101: 54.999999999999396, 102: 30.999999999999964, 103: 54.99999999999972, 104: 29.00000000000004, 105: 38.0, 106: 39.999999999999915, 107: 23.0, 108: 30.999999999999915, 109: 16.0, 110: 6.0, 111: 23.00000000000004, 112: 17.999999999999726, 113: 19.99999999999945, 114: 24.0, 115: 6.0, 116: 51.99999999999972, 117: 53.000000000000185, 118: 39.999999999999964, 119: 6.0, 120: 31.999999999999687, 121: 43.000000000000234, 122: 31.999999999999673, 123: 0.0, 124: 16.99999999999995, 125: 18.99999999999995, 126: 0.0, 127: 13.999999999999963, 128: 8.99999999999995, 129: 34.99999999999972, 130: 55.99999999999964, 131: 56.999999999999396, 132: 54.9999999999996, 133: 35.999999999999446, 134: 49.99999999999964, 135: 21.999999999999726, 136: 0.0, 137: 14.999999999999762, 138: 12.999999999999948, 139: 63.99999999999863, 140: 10.0, 141: 19.99999999999945, 142: 29.9999999999997, 143: 6.0, 144: 57.999999999999424, 145: 45.99999999999921, 146: 53.000000000000284, 147: 37.99999999999962, 148: 30.999999999999723, 149: 29.999999999999723, 150: 15.0, 151: 0.0, 152: 12.999999999999725, 153: 4.0, 154: 31.99999999999945, 155: 0.0, 156: 32.999999999999176, 157: 17.999999999999726, 158: 35.99999999999993, 159: 53.99999999999915, 160: 31.99999999999993, 161: 38.000000000000234, 162: 35.0, 163: 77.00000000000024, 164: 31.0, 165: 7.0000000000002744, 166: 0.0, 167: 40.0, 168: 12.0, 169: 41.00000000000055, 170: 25.000000000000274, 171: 41.00000000000027, 172: 21.000000000000274, 173: 40.00000000000024, 174: 4.0, 175: 0.0, 176: 6.0000000000002744, 177: 15.999999999999726, 178: 23.0, 179: 0.0, 180: 0.0, 181: 25.00000000000018, 182: 47.00000000000055, 183: 24.00000000000027, 184: 35.0, 185: 32.9999999999997, 186: 5.999999999999963, 187: 40.0, 188: 21.0, 189: 11.000000000000274, 190: 0.0, 191: 38.000000000000284, 192: 8.0, 193: 22.9999999999997, 194: 31.0, 195: 26.0, 196: 5.0, 197: 36.0, 198: 0.0, 199: 0.0, 200: 0.0, 201: 24.9999999999997, 202: 0.0, 203: 32.00000000000015, 204: 0.0, 205: 24.00000000000027, 206: 37.999999999999964, 207: 0.0, 208: 43.99999999999978, 209: 0.0, 210: 50.00000000000027, 211: 13.000000000000274, 212: 10.0, 213: 0.0, 214: 5.0, 215: 27.000000000000547, 216: 5.0, 217: 31.0, 218: 0.0, 219: 41.0, 220: 0.0, 221: 7.0, 222: 0.0, 223: 36.000000000000284, 224: 29.999999999999964, 225: 0.0, 226: 36.0, 227: 16.0, 228: 7.0, 229: 37.0, 230: 0.0, 231: 36.000000000000284, 232: 29.999999999999964, 233: 16.999999999999726, 234: 36.0, 235: 9.999999999999963, 236: 0.0, 237: 0.0, 238: 5.0, 239: 17.00000000000009, 240: 0.0, 241: 40.0, 242: 37.0, 243: 24.000000000001062, 244: 6.0, 245: 30.0, 246: 5.0, 247: 17.00000000000009, 248: 0.0, 249: 16.999999999999726, 250: 36.0, 251: 16.0, 252: 7.0, 253: 30.0, 254: 5.0, 255: 17.00000000000009, 256: 6.0, 257: 29.0, 258: 0.0, 259: 46.000000000000476, 260: 29.99999999999995, 261: 30.0, 262: 5.0, 263: 17.00000000000009, 264: 6.0, 265: 29.0, 266: 0.0, 267: 28.0, 268: 29.0, 269: 5.0, 270: 33.9999999999999, 271: 39.9999999999999, 272: 0.0, 273: 31.99999999999945, 274: 33.9999999999999, 275: 29.99999999999995, 276: 30.0, 277: 0.0, 278: 33.9999999999999, 279: 29.999999999999964, 280: 5.0, 281: 31.99999999999945, 282: 0.0, 283: 41.9999999999996, 284: 30.0, 285: 6.0, 286: 29.999999999999964, 287: 18.9999999999997, 288: 9.0, 289: 6.0, 290: 7.0, 291: 35.99999999999899, 292: 9.0, 293: 6.0, 294: 29.999999999999964, 295: 18.9999999999997, 296: 9.0, 297: 14.0, 298: 6.0, 299: 35.99999999999899, 300: 2.0, 301: 29.999999999999964, 302: 0.0, 303: 24.0, 304: 36.000000000000284, 305: 26.000000000000234, 306: 6.0, 307: 35.99999999999899, 308: 2.0, 309: 31.99999999999945, 310: 18.0, 311: 31.99999999999945, 312: 23.0, 313: 11.0, 314: 41.999999999999424, 315: 0.0, 316: 9.0, 317: 31.99999999999945, 318: 23.999999999999964, 319: 0.0, 320: 5.0, 321: 24.0, 322: 31.99999999999945, 323: 0.0, 324: 9.0, 325: 31.99999999999945, 326: 23.999999999999964, 327: 0.0, 328: 2.0, 329: 28.00000000000027, 330: 31.99999999999945, 331: 35.99999999999899, 332: 23.0, 333: 12.0, 334: 7.0, 335: 31.99999999999945, 336: 9.0, 337: 18.99999999999976, 338: 43.000000000000284, 339: 27.000000000000284, 340: 9.0, 341: 0.0, 342: 6.0, 343: 31.99999999999945, 344: 0.0, 345: 21.9999999999999, 346: 43.000000000000284, 347: 27.000000000000284, 348: 9.0, 349: 6.0, 350: 29.999999999999964, 351: 11.999999999999963, 352: 12.0, 353: 26.000000000000234, 354: 43.000000000000284, 355: 27.000000000000284, 356: 9.0, 357: 6.0, 358: 29.999999999999964, 359: 25.999999999999726, 360: 2.0, 361: 26.000000000000234, 362: 6.0, 363: 35.99999999999899, 364: 0.0, 365: 7.0, 366: 35.99999999999995, 367: 31.99999999999945, 368: 2.0, 369: 26.000000000000234, 370: 6.0, 371: 35.99999999999899, 372: 0.0, 373: 6.0, 374: 29.999999999999964, 375: 11.999999999999963, 376: 12.0, 377: 26.000000000000234, 378: 6.0, 379: 35.99999999999899, 380: 2.0, 381: 30.0, 382: 0.0, 383: 38.9999999999995, 384: 35.99999999999995, 385: 29.0, 386: 5.999999999999963, 387: 24.000000000001062, 388: 6.0, 389: 30.0, 390: 0.0, 391: 36.000000000000284, 392: 29.999999999999964, 393: 16.999999999999726, 394: 36.0, 395: 16.0, 396: 0.0, 397: 36.000000000000284, 398: 9.0, 399: 24.00000000000027, 400: 25.999999999999726, 401: 39.00000000000094, 402: 14.999999999999702, 403: 34.00000000000015, 404: 28.0, 405: 9.0, 406: 0.0, 407: 37.0, 408: 25.999999999999726, 409: 39.00000000000094, 410: 14.999999999999702, 411: 14.999999999999702, 412: 18.0, 413: 0.0, 414: 12.0, 415: 23.0, 416: 25.999999999999726, 417: 39.00000000000094, 418: 14.999999999999702, 419: 14.999999999999702, 420: 11.999999999999948, 421: 2.0, 422: 9.0, 423: 0.0, 424: 25.999999999999726, 425: 29.0, 426: 5.999999999999963, 427: 24.000000000001062, 428: 11.999999999999948, 429: 23.0, 430: 9.0, 431: 0.0, 432: 25.999999999999726, 433: 29.0, 434: 9.999999999999726, 435: 23.0, 436: 11.999999999999948, 437: 5.0, 438: 40.0, 439: 0.0, 440: 28.0, 441: 29.0, 442: 14.999999999999702, 443: 0.0, 444: 6.0, 445: 0.0, 446: 36.000000000000284, 447: 23.0, 448: 28.0, 449: 27.9999999999997, 450: 9.999999999999726, 451: 9.999999999999963, 452: 0.0, 453: 2.0, 454: 9.0, 455: 24.00000000000027, 456: 25.999999999999726, 457: 4.0, 458: 12.0, 459: 23.0, 460: 18.0, 461: 2.0, 462: 9.0, 463: 24.00000000000027, 464: 25.999999999999726, 465: 2.0, 466: 9.999999999999726, 467: 23.0, 468: 14.0, 469: 12.0, 470: 9.0, 471: 24.00000000000027, 472: 25.999999999999726, 473: 39.00000000000094, 474: 14.999999999999702, 475: 9.999999999999963, 476: 0.0, 477: 36.000000000000284, 478: 9.0, 479: 24.00000000000027, 480: 25.999999999999726, 481: 39.00000000000094, 482: 14.999999999999702, 483: 34.00000000000015, 484: 28.0, 485: 9.0, 486: 2.0, 487: 23.0, 488: 14.0, 489: 16.999999999999964, 490: 22.0, 491: 23.0, 492: 2.0, 493: 29.999999999999964, 494: 6.0, 495: 31.99999999999945, 496: 0.0, 497: 18.99999999999976, 498: 43.000000000000284, 499: 11.0, 500: 12.0, 501: 29.999999999999964, 502: 6.0, 503: 31.99999999999945, 504: 2.0, 505: 26.000000000000234, 506: 0.0, 507: 29.99999999999995, 508: 9.0, 509: 25.999999999999726, 510: 28.0, 511: 17.99999999999995, 512: 32.0, 513: 28.00000000000027, 514: 14.0, 515: 31.00000000000031, 516: 26.000000000000423, 517: 28.0, 518: 25.999999999999726, 519: 28.999999999999766, 520: 5.0, 521: 28.00000000000027, 522: 33.00000000000027, 523: 31.00000000000031, 524: 26.000000000000423, 525: 28.0, 526: 25.999999999999726, 527: 43.00000000000031, 528: 32.0, 529: 28.00000000000027, 530: 14.0, 531: 35.99999999999899, 532: 22.0, 533: 25.999999999999726, 534: 17.99999999999995, 535: 17.99999999999995, 536: 36.000000000000284, 537: 21.999999999999797, 538: 21.9999999999999, 539: 0.0, 540: 22.0, 541: 25.999999999999726, 542: 17.99999999999995, 543: 17.99999999999995, 544: 36.000000000000284, 545: 35.999999999999346, 546: 33.00000000000027, 547: 0.0, 548: 28.000000000000423, 549: 17.99999999999995, 550: 6.0, 551: 31.99999999999945, 552: 36.000000000000284, 553: 26.000000000000234, 554: 33.00000000000027, 555: 0.0, 556: 32.0, 557: 25.999999999999726, 558: 14.0, 559: 25.000000000000277, 560: 27.00000000000018, 561: 20.000000000000078, 562: 0.0, 563: 11.999999999999948, 564: 32.0, 565: 25.999999999999726, 566: 28.0, 567: 17.99999999999995, 568: 32.0, 569: 23.0, 570: 13.0, 571: 11.999999999999948, 572: 32.0, 573: 25.999999999999726, 574: 28.0, 575: 17.99999999999995, 576: 32.0, 577: 38.99999999999938, 578: 33.00000000000027, 579: 31.00000000000031, 580: 26.000000000000423, 581: 14.0, 582: 0.0, 583: 17.99999999999995, 584: 27.00000000000018, 585: 38.99999999999938, 586: 33.00000000000027, 587: 31.00000000000031, 588: 26.000000000000423, 589: 14.0, 590: 28.0, 591: 17.99999999999995, 592: 32.0, 593: 23.0, 594: 33.00000000000027, 595: 31.00000000000031, 596: 26.000000000000423, 597: 28.0, 598: 25.999999999999726, 599: 28.999999999999766, 600: 5.0, 601: 28.00000000000027, 602: 33.00000000000027, 603: 14.999999999999702, 604: 18.0, 605: 2.0, 606: 9.0, 607: 27.00000000000018, 608: 28.0, 609: 27.9999999999997, 610: 9.999999999999726, 611: 23.0, 612: 14.0, 613: 12.0, 614: 36.000000000000284, 615: 23.0, 616: 28.0, 617: 27.9999999999997, 618: 43.00000000000051, 619: 28.0, 620: 36.99999999999993, 621: 32.0, 622: 27.00000000000018, 623: 79.00000000000018, 624: 6.0, 625: 18.00000000000024, 626: 43.00000000000051, 627: 28.0, 628: 37.999999999999886, 629: 27.00000000000018, 630: 32.0, 631: 36.000000000000284, 632: 25.000000000000277, 633: 18.00000000000024, 634: 43.00000000000051, 635: 28.0, 636: 37.999999999999886, 637: 27.00000000000018, 638: 32.0, 639: 79.00000000000018, 640: 43.00000000000031, 641: 34.999999999999964, 642: 22.0, 643: 28.0, 644: 23.0, 645: 36.000000000000284, 646: 36.000000000000284, 647: 36.000000000000284, 648: 18.9999999999997, 649: 89.00000000000094, 650: 22.0, 651: 28.0, 652: 34.999999999999844, 653: 36.000000000000284, 654: 4.0, 655: 36.000000000000284, 656: 18.9999999999997, 657: 89.00000000000094, 658: 22.0, 659: 28.0, 660: 31.999999999999808, 661: 4.0, 662: 16.0, 663: 0.0, 664: 18.9999999999997, 665: 89.00000000000094, 666: 35.00000000000066, 667: 65.00000000000051, 668: 31.999999999999808, 669: 32.0, 670: 32.0, 671: 36.000000000000284, 672: 37.999999999999886, 673: 18.00000000000024, 674: 32.0, 675: 28.0, 676: 16.00000000000004, 677: 27.00000000000018, 678: 32.0, 679: 36.000000000000284, 680: 37.999999999999886, 681: 18.00000000000024, 682: 32.0, 683: 86.00000000000016, 684: 31.999999999999808, 685: 32.0, 686: 5.0, 687: 36.000000000000284, 688: 37.999999999999886, 689: 18.00000000000024, 690: 43.00000000000051, 691: 28.0, 692: 29.999999999999925, 693: 5.0, 694: 24.00000000000027, 695: 36.000000000000284, 696: 37.999999999999886, 697: 18.00000000000024, 698: 43.00000000000051, 699: 28.0, 700: 36.99999999999993, 701: 32.0, 702: 27.00000000000018, 703: 79.00000000000018, 704: 43.00000000000031, 705: 33.999999999999964, 706: 5.999999999999963, 707: 28.0, 708: 31.999999999999808, 709: 32.0, 710: 27.00000000000018, 711: 79.00000000000018, 712: 43.00000000000031, 713: 38.999999999999964, 714: 28.99999999999976, 715: 11.999999999999948, 716: 32.0, 717: 0.0, 718: 25.999999999999726, 719: 25.000000000000277, 720: 27.00000000000018, 721: 38.99999999999938, 722: 33.00000000000027, 723: 21.00000000000004, 724: 5.0, 725: 18.9999999999997, 726: 25.999999999999726, 727: 25.000000000000277, 728: 27.00000000000018, 729: 30.0, 730: 31.999999999999808, 731: 33.99999999999953, 732: 40.0, 733: 43.00000000000031, 734: 37.999999999999886, 735: 18.9999999999997, 736: 35.0, 737: 18.99999999999976, 738: 16.00000000000004, 739: 27.000000000000284, 740: 40.0, 741: 43.00000000000031, 742: 37.999999999999886, 743: 18.9999999999997, 744: 47.0, 745: 30.0, 746: 31.999999999999808, 747: 33.99999999999953, 748: 2.0, 749: 43.00000000000031, 750: 37.999999999999886, 751: 18.9999999999997, 752: 40.0, 753: 28.00000000000027, 754: 20.999999999999837, 755: 11.999999999999948, 756: 9.0, 757: 18.9999999999997, 758: 46.000000000000355, 759: 0.0, 760: 38.9999999999995, 761: 28.00000000000027, 762: 17.999999999999577, 763: 27.000000000000284, 764: 9.0, 765: 46.000000000000355, 766: 18.9999999999997, 767: 18.9999999999997, 768: 9.0, 769: 28.00000000000027, 770: 13.0, 771: 27.000000000000284, 772: 9.0, 773: 46.000000000000355, 774: 18.9999999999997, 775: 18.9999999999997, 776: 38.9999999999995, 777: 28.00000000000027, 778: 29.999999999999925, 779: 27.000000000000284, 780: 78.00000000000043, 781: 37.999999999999886, 782: 43.00000000000031, 783: 44.00000000000028, 784: 79.00000000000018, 785: 25.999999999999964, 786: 6.0, 787: 27.000000000000284, 788: 78.00000000000043, 789: 37.999999999999886, 790: 43.00000000000031, 791: 44.00000000000028, 792: 79.00000000000018, 793: 39.9999999999999, 794: 41.999999999999424, 795: 27.000000000000284, 796: 40.0, 797: 43.00000000000031, 798: 29.999999999999925, 799: 18.9999999999997, 800: 79.00000000000018, 801: 17.0, 802: 41.999999999999424, 803: 27.000000000000284, 804: 40.0, 805: 43.00000000000031, 806: 36.99999999999993, 807: 44.00000000000028, 808: 79.00000000000018, 809: 25.999999999999964, 810: 6.0, 811: 27.000000000000284, 812: 40.0, 813: 43.00000000000031, 814: 37.999999999999886, 815: 18.9999999999997, 816: 35.0, 817: 18.99999999999976, 818: 16.00000000000004, 819: 27.000000000000284, 820: 40.0, 821: 43.00000000000031, 822: 37.999999999999886, 823: 18.9999999999997, 824: 47.0, 825: 34.999999999999964, 826: 35.00000000000066, 827: 86.00000000000016, 828: 31.999999999999808, 829: 32.0, 830: 5.0, 831: 36.000000000000284, 832: 43.00000000000031, 833: 34.999999999999964, 834: 35.00000000000066, 835: 86.00000000000016, 836: 31.999999999999808, 837: 32.0, 838: 32.0, 839: 36.000000000000284, 840: 7.0, 841: 39.00000000000094, 842: 87.00000000000067, 843: 90.00000000000016, 844: 36.999999999999766, 845: 40.0, 846: 79.00000000000018, 847: 83.00000000000018, 848: 28.0, 849: 93.00000000000094, 850: 87.00000000000067, 851: 90.00000000000016, 852: 36.999999999999766, 853: 40.0, 854: 79.00000000000018, 855: 83.00000000000018, 856: 21.9999999999999, 857: 93.00000000000094, 858: 40.0, 859: 14.999999999999702, 860: 7.0, 861: 2.0, 862: 79.00000000000018, 863: 24.00000000000027, 864: 30.0, 865: 18.00000000000024, 866: 34.999999999999964, 867: 0.0, 868: 39.9999999999999, 869: 38.9999999999995, 870: 27.00000000000018, 871: 24.00000000000027, 872: 25.999999999999726, 873: 18.00000000000024, 874: 34.999999999999964, 875: 14.999999999999702, 876: 30.0, 877: 24.00000000000027, 878: 33.999999999999964, 879: 36.000000000000284, 880: 26.00000000000024, 881: 37.00000000000094, 882: 72.99999999999997, 883: 0.0, 884: 30.0, 885: 24.00000000000027, 886: 38.999999999999964, 887: 24.00000000000027, 888: 26.00000000000024, 889: 43.0, 890: 87.00000000000067, 891: 90.00000000000016, 892: 28.0, 893: 79.00000000000018, 894: 79.00000000000018, 895: 83.00000000000018, 896: 48.00000000000028, 897: 43.0, 898: 87.00000000000067, 899: 90.00000000000016, 900: 21.9999999999999, 901: 79.00000000000018, 902: 35.0, 903: 24.00000000000027, 904: 48.00000000000028, 905: 43.0, 906: 87.00000000000067, 907: 90.00000000000016, 908: 36.999999999999766, 909: 35.0, 910: 2.0, 911: 24.00000000000027, 912: 48.00000000000028, 913: 43.0, 914: 87.00000000000067, 915: 90.00000000000016, 916: 36.999999999999766, 917: 47.0, 918: 40.0, 919: 24.00000000000027, 920: 21.9999999999999, 921: 93.00000000000094, 922: 35.0, 923: 14.999999999999702, 924: 36.999999999999766, 925: 79.00000000000018, 926: 40.0, 927: 24.00000000000027, 928: 21.9999999999999, 929: 93.00000000000094, 930: 47.0, 931: 90.00000000000016, 932: 36.999999999999766, 933: 35.0, 934: 2.0, 935: 24.00000000000027, 936: 40.0, 937: 17.0, 938: 41.999999999999424, 939: 27.000000000000284, 940: 35.0, 941: 6.0, 942: 25.000000000000277, 943: 18.9999999999997, 944: 40.0, 945: 17.0, 946: 41.999999999999424, 947: 27.000000000000284, 948: 47.0, 949: 37.999999999999886, 950: 43.00000000000031, 951: 80.00000000000028, 952: 17.00000000000009, 953: 39.9999999999999, 954: 28.99999999999976, 955: 53.00000000000027, 956: 13.000000000000549, 957: 21.9999999999999, 958: 48.00000000000028, 959: 80.00000000000028, 960: 17.00000000000009, 961: 29.0, 962: 21.9999999999999, 963: 53.00000000000027, 964: 12.0, 965: 28.0, 966: 48.00000000000028, 967: 80.00000000000028, 968: 17.00000000000009, 969: 44.000000000000234, 970: 36.999999999999766, 971: 69.99999999999953, 972: 32.0, 973: 48.00000000000028, 974: 48.00000000000028, 975: 24.00000000000024, 976: 83.00000000000018, 977: 72.99999999999932, 978: 17.0, 979: 30.00000000000027, 980: 37.0, 981: 26.00000000000024, 982: 30.0, 983: 0.0, 984: 19.0, 985: 41.00000000000004, 986: 17.0, 987: 0.0, 988: 37.0, 989: 26.00000000000024, 990: 30.0, 991: 0.0, 992: 30.0, 993: 72.99999999999932, 994: 17.0, 995: 30.00000000000027, 996: 28.000000000000423, 997: 26.00000000000024, 998: 30.0, 999: 0.0, 1000: 0.0}
M total is 27247.999999999985
********** optimal solution for O **********
(1, 4) 23.0
(2, 7) 52.0
===========================
J total is 100
J1 is 30 J2 is 70
===========================
Changed value of parameter TimeLimit to 900.0
   Prev: inf  Min: 0.0  Max: inf  Default: inf
Changed value of parameter Threads to 1
   Prev: 0  Min: 0  Max: 1024  Default: 0
Changed value of parameter LogFile to sp1_l_new_formul
   Prev:   Default: 
**************** Adding the cut **************************
Warning for adding constraints: zero or small (< 1e-13) coefficients, ignored
turn on lazy constraints
**************** End *************************************
Gurobi Optimizer version 9.1.2 build v9.1.2rc0 (linux64)
Thread count: 6 physical cores, 12 logical processors, using up to 1 threads
Optimize a model with 1506311 rows, 222916 columns and 28551855 nonzeros
Model fingerprint: 0xb002106a
Variable types: 221448 continuous, 1468 integer (0 binary)
Coefficient statistics:
  Matrix range     [1e-13, 1e+00]
  Objective range  [2e-06, 2e-03]
  Bounds range     [3e+01, 7e+01]
  RHS range        [5e-17, 1e+02]
Presolve removed 896611 rows and 210124 columns (presolve time = 5s) ...
Presolve removed 897631 rows and 214440 columns (presolve time = 12s) ...
Presolve removed 897795 rows and 214776 columns (presolve time = 15s) ...
Presolve removed 898668 rows and 215066 columns (presolve time = 21s) ...
Presolve removed 898682 rows and 215096 columns (presolve time = 27s) ...
Presolve removed 898700 rows and 215118 columns (presolve time = 31s) ...
Presolve removed 898702 rows and 215118 columns
Presolve time: 34.50s
Presolved: 607609 rows, 7798 columns, 11240932 nonzeros
Extracted 506285 lazy constraints
Variable types: 6708 continuous, 1090 integer (0 binary)

Root simplex log...

Iteration    Objective       Primal Inf.    Dual Inf.      Time
       0    0.0000000e+00   5.994321e+04   0.000000e+00     37s
    2461    1.1182430e-02   8.578049e+04   0.000000e+00     40s
    6646    6.2275383e-02   5.292923e+04   0.000000e+00     45s
   10186    1.3590926e-01   4.479598e+04   0.000000e+00     50s
   13316    2.0853952e-01   4.174241e+04   0.000000e+00     55s
   16426    3.0770938e-01   1.979331e+04   0.000000e+00     60s
   19886    4.2221690e-01   2.509442e+03   0.000000e+00     65s
   24186    4.4752438e-01   1.001011e+01   0.000000e+00     70s
   26313    4.4733033e-01   0.000000e+00   0.000000e+00     72s
   26313    4.4733033e-01   0.000000e+00   0.000000e+00     72s

Root relaxation: objective 4.473303e-01, 26313 iterations, 35.47 seconds

    Nodes    |    Current Node    |     Objective Bounds      |     Work
 Expl Unexpl |  Obj  Depth IntInf | Incumbent    BestBd   Gap | It/Node Time

     0     0    0.44733    0   99          -    0.44733      -     -   72s
H    0     0                       0.4485038    0.44733  0.26%     -   74s
     0     0    0.44775    0   70    0.44850    0.44775  0.17%     -   78s
H    0     0                       0.4478629    0.44775  0.03%     -   79s
     0     0    0.44775    0   70    0.44786    0.44775  0.03%     -   84s
H    0     0                       0.4478256    0.44775  0.02%     -   88s
Extracted 163061 lazy constraints
     0     0    0.44775    0   71    0.44783    0.44775  0.02%     -  108s
     0     0    0.44775    0   71    0.44783    0.44775  0.02%     -  125s
H    0     0                       0.4478092    0.44775  0.01%     -  125s
H    0     0                       0.4477954    0.44775  0.01%     -  126s
Extracted 124265 lazy constraints
     0     0    0.44775    0   72    0.44780    0.44775  0.01%     -  137s
     0     0    0.44775    0   72    0.44780    0.44775  0.01%     -  152s
     0     2    0.44775    0   72    0.44780    0.44775  0.01%     -  157s

Explored 2 nodes (44583 simplex iterations) in 158.13 seconds
Thread count was 1 (of 12 available processors)

Solution count 5: 0.447795 0.447809 0.447826 ... 0.448504

Optimal solution found (tolerance 1.00e-04)
Best objective 4.477953852040e-01, best bound 4.477552864923e-01, gap 0.0090%
********** optimal solution for Z **********
(1, (-100, -100), 1) 30.0
(1, (-100, -100), 2) 30.0
(1, (-100, -100), 3) 30.0
(1, (4, 1), 4) 30.0
(1, (3, 1), 5) 5.0
(1, (4, 1), 5) 6.000000000003163
(1, (4, 2), 5) 18.999999999996838
(1, (3, 2), 6) 2.9999999999995635
(1, (4, 1), 6) 2.0000000000004365
(1, (4, 2), 6) 7.0
(1, (4, 3), 6) 18.0
(1, (3, 3), 7) 2.9999999999995635
(1, (4, 3), 7) 7.0
(1, (4, 4), 7) 18.0
(1, (5, 1), 7) 2.0000000000004365
(1, (4, 3), 8) 2.9999999999995635
(1, (4, 5), 8) 8.0
(1, (5, 2), 8) 2.0000000000004365
(1, (5, 3), 8) 7.0
(1, (5, 4), 8) 10.0
(1, (4, 6), 9) 8.000000000000941
(1, (5, 3), 9) 5.0
(1, (5, 4), 9) 8.999999999999059
(1, (5, 5), 9) 8.0
(1, (4, 7), 10) 8.000000000000941
(1, (5, 4), 10) 5.0
(1, (5, 5), 10) 8.999999999999059
(1, (5, 6), 10) 8.0
(1, (4, 8), 11) 8.000000000000941
(1, (5, 5), 11) 5.0
(1, (5, 6), 11) 2.999999999999058
(1, (5, 7), 11) 4.0
(1, (6, 5), 11) 6.0
(1, (6, 6), 11) 4.0
(1, (4, 8), 12) 2.000000000000942
(1, (5, 6), 12) 5.0
(1, (5, 7), 12) 2.999999999999058
(1, (5, 8), 12) 10.0
(1, (6, 6), 12) 6.0
(1, (6, 7), 12) 4.0
(1, (4, 9), 13) 0.999999999995663
(1, (5, 7), 13) 5.0
(1, (5, 8), 13) 4.000000000004337
(1, (5, 9), 13) 10.0
(1, (6, 7), 13) 6.0
(1, (6, 8), 13) 4.0
(1, (4, 9), 14) 4.0
(1, (5, 7), 14) 6.0
(1, (5, 8), 14) 9.0
(1, (5, 9), 14) 11.0
(1, (4, 9), 15) 4.0
(1, (5, 7), 15) 6.0
(1, (5, 9), 15) 20.0
(2, (-100, -100), 1) 70.0
(2, (-100, -100), 2) 70.0
(2, (-100, -100), 3) 70.0
(2, (-100, -100), 4) 70.0
(2, (-100, -100), 5) 70.0
(2, (-100, -100), 6) 70.0
(2, (4, 1), 7) 70.0
(2, (3, 1), 8) 22.0
(2, (4, 1), 8) 3.0000000000000013
(2, (4, 2), 8) 45.0
(2, (4, 1), 9) 22.0
(2, (4, 2), 9) 20.0
(2, (4, 3), 9) 25.0
(2, (5, 1), 9) 3.0000000000000013
(2, (4, 1), 10) 18.999999999996614
(2, (4, 3), 10) 20.0
(2, (4, 4), 10) 23.0
(2, (5, 1), 10) 3.0000000000033844
(2, (5, 3), 10) 2.0
(2, (6, 1), 10) 3.0000000000000013
(2, (4, 4), 11) 10.0
(2, (4, 5), 11) 17.0
(2, (5, 1), 11) 18.999999999996614
(2, (5, 3), 11) 10.0
(2, (5, 4), 11) 6.0
(2, (6, 1), 11) 3.0000000000033844
(2, (6, 2), 11) 3.0000000000000013
(2, (6, 3), 11) 2.0
(2, (4, 6), 12) 6.999999999999956
(2, (5, 4), 12) 12.0
(2, (5, 5), 12) 10.000000000000044
(2, (6, 1), 12) 25.0
(2, (6, 3), 12) 8.0
(2, (6, 4), 12) 8.0
(2, (4, 7), 13) 6.999999999999956
(2, (5, 5), 13) 12.0
(2, (5, 6), 13) 10.000000000000044
(2, (6, 1), 13) 20.0
(2, (6, 2), 13) 5.0
(2, (6, 4), 13) 4.0
(2, (6, 5), 13) 8.0
(2, (7, 1), 13) 4.0
(2, (4, 8), 14) 6.999999999999956
(2, (5, 1), 14) 11.0
(2, (5, 2), 14) 5.0
(2, (5, 4), 14) 4.0
(2, (5, 5), 14) 8.0
(2, (5, 6), 14) 12.0
(2, (5, 7), 14) 10.000000000000044
(2, (6, 1), 14) 13.0
(2, (4, 7), 15) 1.0000000000005809
(2, (4, 9), 15) 6.999999999999956
(2, (5, 1), 15) 1.0
(2, (5, 2), 15) 14.999999999995802
(2, (5, 3), 15) 5.0000000000041975
(2, (5, 6), 15) 8.0
(2, (5, 7), 15) 13.0
(2, (5, 8), 15) 8.0
(2, (6, 1), 15) 12.0
********** number of possible looks *********
M by path is {1: 0.0, 2: 31.0, 3: 0.0, 4: 80.99999999999324, 5: 45.0, 6: 72.00000000000004, 7: 55.000000000010964, 8: 5.0, 9: 34.99999999999869, 10: 67.0000000000042, 11: 38.0, 12: 17.0, 13: 15.0, 14: 11.000000000001311, 15: 20.000000000000007, 16: 7.0, 17: 36.99999999999812, 18: 96.00000000000004, 19: 23.999999999998117, 20: 62.0, 21: 37.00000000000222, 22: 34.0, 23: 13.000000000003162, 24: 140.0000000000001, 25: 61.00000000000226, 26: 8.0, 27: 25.999999999998117, 28: 23.0, 29: 19.99999999999906, 30: 0.0, 31: 54.99999999999726, 32: 54.0, 33: 62.00000000000132, 34: 55.0, 35: 27.000000000003162, 36: 62.0, 37: 6.000000000003163, 38: 0.0, 39: 7.0, 40: 17.0, 41: 16.0, 42: 11.999999999995662, 43: 21.0, 44: 0.0, 45: 0.0, 46: 0.0, 47: 40.0, 48: 0.0, 49: 40.0, 50: 1.0000000000005809, 51: 48.00000000000338, 52: 52.0, 53: 142.0, 54: 0.0, 55: 72.0, 56: 19.000000000000874, 57: 35.999999999999126, 58: 9.000000000000874, 59: 91.99999999999912, 60: 39.0, 61: 4.0, 62: 20.999999999999126, 63: 10.0, 64: 35.999999999999126, 65: 4.0, 66: 58.0, 67: 52.99999999999956, 68: 71.99999999999685, 69: 52.0, 70: 40.99999999999684, 71: 60.99999999999956, 72: 18.999999999996838, 73: 0.0, 74: 18.0, 75: 5.0, 76: 40.0, 77: 25.0, 78: 46.0, 79: 10.0, 80: 47.00000000000044, 81: 56.0, 82: 42.99999999999956, 83: 18.999999999996838, 84: 2.9999999999995635, 85: 25.999999999999563, 86: 26.00000000000094, 87: 18.999999999996838, 88: 1.0000000000005809, 89: 41.0, 90: 13.000000000000941, 91: 30.0, 92: 36.99999999999956, 93: 30.0, 94: 45.00000000000044, 95: 52.0, 96: 30.0, 97: 106.99999999999685, 98: 15.0, 99: 129.99999999999778, 100: 30.0, 101: 74.0, 102: 38.99999999999727, 103: 71.99999999999685, 104: 36.99999999999727, 105: 48.99999999999684, 106: 50.99999999999727, 107: 30.0, 108: 42.0, 109: 18.999999999996838, 110: 7.999999999999563, 111: 29.999999999996838, 112: 24.999999999999957, 113: 28.0, 114: 31.00000000000094, 115: 7.999999999999563, 116: 69.00000000000094, 117: 69.99999999999199, 118: 48.999999999998295, 119: 8.99999999999869, 120: 42.00000000000014, 121: 57.0, 122: 42.00000000000044, 123: 0.0, 124: 22.0, 125: 25.0, 126: 0.0, 127: 18.00000000000152, 128: 12.0, 129: 47.000000000001876, 130: 75.00000000000044, 131: 77.00000000000094, 132: 73.99999999999912, 133: 49.0, 134: 67.00000000000044, 135: 28.999999999996838, 136: 0.0, 137: 21.0, 138: 17.0, 139: 86.00000000000419, 140: 14.0, 141: 28.0, 142: 39.00000000000094, 143: 7.999999999999563, 144: 77.00000000000094, 145: 60.00000000000038, 146: 66.99999999999771, 147: 52.0, 148: 40.99999999999684, 149: 40.99999999999956, 150: 18.999999999996838, 151: 0.0, 152: 18.0, 153: 5.0, 154: 44.0, 155: 0.0, 156: 46.0, 157: 24.999999999999957, 158: 47.00000000000044, 159: 73.0, 160: 42.99999999999956, 161: 49.99999999999684, 162: 48.0, 163: 105.0, 164: 40.999999999999105, 165: 9.0, 166: 0.0, 167: 53.0, 168: 17.0, 169: 53.00000000000222, 170: 34.0, 171: 55.0, 172: 27.000000000003162, 173: 54.0, 174: 6.000000000003163, 175: 0.0, 176: 7.0, 177: 24.000000000005194, 178: 30.0, 179: 0.0, 180: 0.0, 181: 32.0, 182: 62.0, 183: 31.0, 184: 48.0, 185: 42.00000000000004, 186: 8.000000000000536, 187: 50.999999999999105, 188: 27.99999999999816, 189: 13.0, 190: 0.0, 191: 49.999999999999105, 192: 13.000000000005235, 193: 30.000000000000043, 194: 40.999999999999105, 195: 37.000000000000085, 196: 6.0, 197: 48.99999999999803, 198: 0.0, 199: 0.0, 200: 0.0, 201: 32.999999999999105, 202: 0.0, 203: 41.99999999999996, 204: 0.0, 205: 31.0, 206: 53.00000000000316, 207: 0.0, 208: 59.0000000000042, 209: 0.0, 210: 66.99999999999812, 211: 15.999999999999059, 212: 12.0, 213: 0.0, 214: 6.999999999999956, 215: 34.99999999999906, 216: 6.0, 217: 42.00000000000004, 218: 0.0, 219: 57.0, 220: 0.0, 221: 8.999999999999059, 222: 0.0, 223: 47.00000000000004, 224: 39.00000000000058, 225: 0.0, 226: 48.999999999997264, 227: 22.999999999999147, 228: 10.0, 229: 47.99999999999812, 230: 0.0, 231: 47.00000000000004, 232: 39.00000000000058, 233: 25.00000000000331, 234: 48.999999999997264, 235: 15.000000000003931, 236: 0.0, 237: 0.0, 238: 6.999999999999956, 239: 21.0000000000042, 240: 0.0, 241: 54.0, 242: 47.99999999999812, 243: 30.9999999999958, 244: 8.000000000000941, 245: 40.999999999997264, 246: 6.999999999999956, 247: 21.0000000000042, 248: 0.0, 249: 25.00000000000331, 250: 48.999999999997264, 251: 22.999999999999147, 252: 10.0, 253: 40.999999999997264, 254: 6.999999999999956, 255: 21.0000000000042, 256: 8.000000000000941, 257: 38.0, 258: 0.0, 259: 63.9999999999958, 260: 40.0, 261: 40.999999999997264, 262: 6.999999999999956, 263: 21.0000000000042, 264: 8.000000000000941, 265: 38.0, 266: 0.0, 267: 36.00000000000004, 268: 38.0, 269: 6.999999999999956, 270: 44.999999999999126, 271: 53.0, 272: 0.0, 273: 44.0, 274: 44.999999999999126, 275: 40.0, 276: 40.999999999997264, 277: 0.0, 278: 44.999999999999126, 279: 39.00000000000058, 280: 6.999999999999956, 281: 44.0, 282: 0.0, 283: 52.99999999999957, 284: 40.999999999997264, 285: 8.000000000000941, 286: 39.00000000000058, 287: 25.0, 288: 14.00000000000335, 289: 8.000000000000941, 290: 10.0, 291: 49.0000000000042, 292: 14.00000000000335, 293: 8.000000000000941, 294: 39.00000000000058, 295: 25.0, 296: 14.00000000000335, 297: 18.999999999996614, 298: 8.000000000000941, 299: 49.0000000000042, 300: 2.999999999996605, 301: 39.00000000000058, 302: 0.0, 303: 31.999999999999126, 304: 47.00000000000004, 305: 35.0, 306: 8.000000000000941, 307: 49.0000000000042, 308: 2.999999999996605, 309: 44.0, 310: 24.000000000002824, 311: 44.0, 312: 30.0, 313: 14.0, 314: 55.0000000000042, 315: 0.0, 316: 14.00000000000335, 317: 44.0, 318: 31.000000000002466, 319: 0.0, 320: 6.999999999999956, 321: 31.999999999999126, 322: 44.0, 323: 0.0, 324: 14.00000000000335, 325: 44.0, 326: 31.000000000002466, 327: 0.0, 328: 2.999999999996605, 329: 37.0, 330: 44.0, 331: 49.0000000000042, 332: 30.0, 333: 16.000000000001883, 334: 10.0, 335: 44.0, 336: 14.00000000000335, 337: 25.0, 338: 57.0, 339: 36.0, 340: 14.00000000000335, 341: 0.0, 342: 8.000000000000941, 343: 44.0, 344: 0.0, 345: 29.0, 346: 57.0, 347: 36.0, 348: 14.00000000000335, 349: 8.000000000000941, 350: 39.00000000000058, 351: 15.00000000000058, 352: 17.0, 353: 35.0, 354: 57.0, 355: 36.0, 356: 14.00000000000335, 357: 8.000000000000941, 358: 39.00000000000058, 359: 34.99999999999996, 360: 2.999999999996605, 361: 35.0, 362: 8.000000000000941, 363: 49.0000000000042, 364: 0.0, 365: 10.0, 366: 48.0, 367: 44.0, 368: 2.999999999996605, 369: 35.0, 370: 8.000000000000941, 371: 49.0000000000042, 372: 0.0, 373: 8.000000000000941, 374: 39.00000000000058, 375: 15.00000000000058, 376: 17.0, 377: 35.0, 378: 8.000000000000941, 379: 49.0000000000042, 380: 2.999999999996605, 381: 40.999999999997264, 382: 0.0, 383: 54.0000000000042, 384: 48.0, 385: 38.0, 386: 8.000000000000536, 387: 30.9999999999958, 388: 8.000000000000941, 389: 40.999999999997264, 390: 0.0, 391: 47.00000000000004, 392: 39.00000000000058, 393: 25.00000000000331, 394: 48.999999999997264, 395: 22.999999999999147, 396: 0.0, 397: 47.00000000000004, 398: 14.00000000000335, 399: 31.0, 400: 34.99999999999996, 401: 52.00000000000257, 402: 22.00000000000335, 403: 45.00000000000334, 404: 37.99999999999323, 405: 14.00000000000335, 406: 0.0, 407: 47.99999999999812, 408: 34.99999999999996, 409: 52.00000000000257, 410: 22.00000000000335, 411: 19.0, 412: 24.0, 413: 0.0, 414: 17.0, 415: 30.0, 416: 34.99999999999996, 417: 52.00000000000257, 418: 22.00000000000335, 419: 19.0, 420: 16.0, 421: 2.999999999996605, 422: 14.00000000000335, 423: 0.0, 424: 34.99999999999996, 425: 38.0, 426: 8.000000000000536, 427: 30.9999999999958, 428: 16.0, 429: 30.0, 430: 14.00000000000335, 431: 0.0, 432: 34.99999999999996, 433: 38.0, 434: 13.999999999996561, 435: 30.0, 436: 16.0, 437: 6.999999999999956, 438: 54.0, 439: 0.0, 440: 37.99999999999323, 441: 38.0, 442: 22.00000000000335, 443: 0.0, 444: 8.000000000000941, 445: 0.0, 446: 47.00000000000004, 447: 30.0, 448: 37.99999999999323, 449: 36.00000000000004, 450: 13.999999999996561, 451: 15.000000000003931, 452: 0.0, 453: 2.999999999996605, 454: 14.00000000000335, 455: 31.0, 456: 34.99999999999996, 457: 5.999999999999989, 458: 17.0, 459: 30.0, 460: 24.0, 461: 2.999999999996605, 462: 14.00000000000335, 463: 31.0, 464: 34.99999999999996, 465: 3.0000000000033844, 466: 13.999999999996561, 467: 30.0, 468: 18.999999999996614, 469: 17.0, 470: 14.00000000000335, 471: 31.0, 472: 34.99999999999996, 473: 52.00000000000257, 474: 22.00000000000335, 475: 15.000000000003931, 476: 0.0, 477: 47.00000000000004, 478: 14.00000000000335, 479: 31.0, 480: 34.99999999999996, 481: 52.00000000000257, 482: 22.00000000000335, 483: 45.00000000000334, 484: 37.99999999999323, 485: 14.00000000000335, 486: 2.999999999996605, 487: 30.0, 488: 18.999999999996614, 489: 23.99999999999973, 490: 28.000000000000043, 491: 30.0, 492: 2.999999999996605, 493: 39.00000000000058, 494: 8.000000000000941, 495: 44.0, 496: 0.0, 497: 25.0, 498: 57.0, 499: 14.0, 500: 17.0, 501: 39.00000000000058, 502: 8.000000000000941, 503: 44.0, 504: 2.999999999996605, 505: 35.0, 506: 0.0, 507: 40.0, 508: 11.0, 509: 34.99999999999996, 510: 37.99999999999323, 511: 24.0, 512: 44.0, 513: 37.0, 514: 18.999999999996614, 515: 40.0, 516: 34.00000000000338, 517: 37.99999999999323, 518: 34.99999999999996, 519: 37.99999999999996, 520: 6.999999999999956, 521: 37.0, 522: 44.0, 523: 40.0, 524: 34.00000000000338, 525: 37.99999999999323, 526: 34.99999999999996, 527: 55.9999999999958, 528: 44.0, 529: 37.0, 530: 18.999999999996614, 531: 49.0000000000042, 532: 28.000000000000043, 533: 34.99999999999996, 534: 24.0, 535: 24.0, 536: 47.00000000000004, 537: 28.0, 538: 29.0, 539: 0.0, 540: 28.000000000000043, 541: 34.99999999999996, 542: 24.0, 543: 24.0, 544: 47.00000000000004, 545: 46.0000000000042, 546: 44.0, 547: 0.0, 548: 37.000000000006764, 549: 24.0, 550: 8.000000000000941, 551: 44.0, 552: 47.00000000000004, 553: 35.0, 554: 44.0, 555: 0.0, 556: 44.0, 557: 34.99999999999996, 558: 18.999999999996614, 559: 32.0, 560: 35.00000000000338, 561: 24.999999999996618, 562: 0.0, 563: 16.0, 564: 44.0, 565: 34.99999999999996, 566: 37.99999999999323, 567: 24.0, 568: 44.0, 569: 30.000000000001883, 570: 17.0, 571: 16.0, 572: 44.0, 573: 34.99999999999996, 574: 37.99999999999323, 575: 24.0, 576: 44.0, 577: 49.0000000000042, 578: 44.0, 579: 40.0, 580: 34.00000000000338, 581: 18.999999999996614, 582: 0.0, 583: 24.0, 584: 35.00000000000338, 585: 49.0000000000042, 586: 44.0, 587: 40.0, 588: 34.00000000000338, 589: 18.999999999996614, 590: 37.99999999999323, 591: 24.0, 592: 44.0, 593: 30.000000000001883, 594: 44.0, 595: 40.0, 596: 34.00000000000338, 597: 37.99999999999323, 598: 34.99999999999996, 599: 37.99999999999996, 600: 6.999999999999956, 601: 37.0, 602: 44.0, 603: 19.0, 604: 24.0, 605: 2.999999999996605, 606: 14.00000000000335, 607: 35.00000000000338, 608: 37.99999999999323, 609: 36.00000000000004, 610: 13.999999999996561, 611: 30.0, 612: 18.999999999996614, 613: 17.0, 614: 47.00000000000004, 615: 30.0, 616: 37.99999999999323, 617: 36.00000000000004, 618: 58.9999999999958, 619: 36.00000000000004, 620: 50.0, 621: 44.0, 622: 35.00000000000338, 623: 105.00000000000338, 624: 8.000000000000941, 625: 23.0, 626: 58.9999999999958, 627: 36.00000000000004, 628: 50.0, 629: 35.00000000000338, 630: 44.0, 631: 47.00000000000004, 632: 32.0, 633: 23.0, 634: 58.9999999999958, 635: 36.00000000000004, 636: 50.0, 637: 35.00000000000338, 638: 44.0, 639: 105.00000000000338, 640: 55.9999999999958, 641: 49.0, 642: 28.000000000000043, 643: 36.00000000000004, 644: 30.000000000001883, 645: 47.00000000000004, 646: 47.00000000000004, 647: 47.00000000000004, 648: 25.0, 649: 118.99999999999919, 650: 28.000000000000043, 651: 36.00000000000004, 652: 44.0, 653: 47.00000000000004, 654: 5.999999999999989, 655: 47.00000000000004, 656: 25.0, 657: 118.99999999999919, 658: 28.000000000000043, 659: 36.00000000000004, 660: 41.0, 661: 5.999999999999989, 662: 22.999999999999147, 663: 0.0, 664: 25.0, 665: 118.99999999999919, 666: 46.00000000000338, 667: 88.99999999999581, 668: 41.0, 669: 44.0, 670: 44.0, 671: 47.00000000000004, 672: 50.0, 673: 23.0, 674: 44.0, 675: 36.00000000000004, 676: 20.0, 677: 35.00000000000338, 678: 44.0, 679: 47.00000000000004, 680: 50.0, 681: 23.0, 682: 44.0, 683: 115.00000000000334, 684: 41.0, 685: 44.0, 686: 6.999999999999956, 687: 47.00000000000004, 688: 50.0, 689: 23.0, 690: 58.9999999999958, 691: 36.00000000000004, 692: 40.0, 693: 6.999999999999956, 694: 31.0, 695: 47.00000000000004, 696: 50.0, 697: 23.0, 698: 58.9999999999958, 699: 36.00000000000004, 700: 50.0, 701: 44.0, 702: 35.00000000000338, 703: 105.00000000000338, 704: 55.9999999999958, 705: 47.0, 706: 8.000000000000536, 707: 36.00000000000004, 708: 41.0, 709: 44.0, 710: 35.00000000000338, 711: 105.00000000000338, 712: 55.9999999999958, 713: 53.0, 714: 38.99999999999323, 715: 16.0, 716: 44.0, 717: 0.0, 718: 34.99999999999996, 719: 32.0, 720: 35.00000000000338, 721: 49.0000000000042, 722: 44.0, 723: 27.0, 724: 6.999999999999956, 725: 25.0, 726: 34.99999999999996, 727: 32.0, 728: 35.00000000000338, 729: 39.99999999999869, 730: 41.0, 731: 43.000000000000874, 732: 54.0, 733: 55.9999999999958, 734: 50.0, 735: 25.0, 736: 48.0, 737: 25.0, 738: 20.0, 739: 36.0, 740: 54.0, 741: 55.9999999999958, 742: 50.0, 743: 25.0, 744: 65.0, 745: 39.99999999999869, 746: 41.0, 747: 43.000000000000874, 748: 2.999999999996605, 749: 55.9999999999958, 750: 50.0, 751: 25.0, 752: 54.0, 753: 37.0, 754: 25.999999999996618, 755: 16.0, 756: 11.0, 757: 25.0, 758: 58.99999999999581, 759: 0.0, 760: 54.0000000000042, 761: 37.0, 762: 21.0000000000042, 763: 36.0, 764: 11.0, 765: 58.99999999999581, 766: 25.0, 767: 25.0, 768: 14.00000000000335, 769: 37.0, 770: 17.0, 771: 36.0, 772: 11.0, 773: 58.99999999999581, 774: 25.0, 775: 25.0, 776: 54.0000000000042, 777: 37.0, 778: 40.0, 779: 36.0, 780: 104.00000000000338, 781: 50.0, 782: 55.9999999999958, 783: 56.999999999996675, 784: 105.00000000000338, 785: 33.99999999999869, 786: 8.000000000000941, 787: 36.0, 788: 104.00000000000338, 789: 50.0, 790: 55.9999999999958, 791: 56.999999999996675, 792: 105.00000000000338, 793: 52.99999999999869, 794: 55.0000000000042, 795: 36.0, 796: 54.0, 797: 55.9999999999958, 798: 40.0, 799: 25.0, 800: 105.00000000000338, 801: 21.000000000000874, 802: 55.0000000000042, 803: 36.0, 804: 54.0, 805: 55.9999999999958, 806: 50.0, 807: 56.999999999996675, 808: 105.00000000000338, 809: 33.99999999999869, 810: 8.000000000000941, 811: 36.0, 812: 54.0, 813: 55.9999999999958, 814: 50.0, 815: 25.0, 816: 48.0, 817: 25.0, 818: 20.0, 819: 36.0, 820: 54.0, 821: 55.9999999999958, 822: 50.0, 823: 25.0, 824: 65.0, 825: 49.0, 826: 46.00000000000338, 827: 115.00000000000334, 828: 41.0, 829: 44.0, 830: 6.999999999999956, 831: 47.00000000000004, 832: 55.9999999999958, 833: 49.0, 834: 46.00000000000338, 835: 115.00000000000334, 836: 41.0, 837: 44.0, 838: 44.0, 839: 47.00000000000004, 840: 10.0, 841: 52.00000000000257, 842: 116.00000000000338, 843: 121.0000000000065, 844: 48.0, 845: 54.0, 846: 105.00000000000338, 847: 111.00000000000655, 848: 37.99999999999323, 849: 125.00000000000236, 850: 116.00000000000338, 851: 121.0000000000065, 852: 48.0, 853: 54.0, 854: 105.00000000000338, 855: 111.00000000000655, 856: 29.0, 857: 125.00000000000236, 858: 54.0, 859: 19.0, 860: 10.0, 861: 2.999999999996605, 862: 105.00000000000338, 863: 31.0, 864: 39.99999999999869, 865: 23.0, 866: 49.0, 867: 0.0, 868: 52.99999999999869, 869: 54.0000000000042, 870: 35.00000000000338, 871: 31.0, 872: 34.99999999999996, 873: 23.0, 874: 49.0, 875: 19.0, 876: 39.99999999999869, 877: 31.0, 878: 47.0, 879: 47.00000000000004, 880: 33.000000000000874, 881: 48.99999999999919, 882: 99.0, 883: 0.0, 884: 39.99999999999869, 885: 31.0, 886: 53.0, 887: 31.0, 888: 33.000000000000874, 889: 55.99999999999812, 890: 116.00000000000338, 891: 121.0000000000065, 892: 37.99999999999323, 893: 105.00000000000338, 894: 105.00000000000338, 895: 111.00000000000655, 896: 62.9999999999958, 897: 55.99999999999812, 898: 116.00000000000338, 899: 121.0000000000065, 900: 29.0, 901: 105.00000000000338, 902: 48.0, 903: 31.0, 904: 62.9999999999958, 905: 55.99999999999812, 906: 116.00000000000338, 907: 121.0000000000065, 908: 48.0, 909: 48.0, 910: 2.999999999996605, 911: 31.0, 912: 62.9999999999958, 913: 55.99999999999812, 914: 116.00000000000338, 915: 121.0000000000065, 916: 48.0, 917: 65.0, 918: 54.0, 919: 31.0, 920: 29.0, 921: 125.00000000000236, 922: 48.0, 923: 19.0, 924: 48.0, 925: 105.00000000000338, 926: 54.0, 927: 31.0, 928: 29.0, 929: 125.00000000000236, 930: 65.0, 931: 121.0000000000065, 932: 48.0, 933: 48.0, 934: 2.999999999996605, 935: 31.0, 936: 54.0, 937: 21.000000000000874, 938: 55.0000000000042, 939: 36.0, 940: 48.0, 941: 8.000000000000941, 942: 32.0, 943: 25.0, 944: 54.0, 945: 21.000000000000874, 946: 55.0000000000042, 947: 36.0, 948: 65.0, 949: 50.0, 950: 55.9999999999958, 951: 103.99999999999308, 952: 21.0000000000042, 953: 53.0, 954: 38.99999999999323, 955: 69.00000000000043, 956: 16.0, 957: 29.0, 958: 62.9999999999958, 959: 103.99999999999308, 960: 21.0000000000042, 961: 38.0, 962: 29.0, 963: 69.00000000000043, 964: 17.0, 965: 37.99999999999323, 966: 62.9999999999958, 967: 103.99999999999308, 968: 21.0000000000042, 969: 59.0, 970: 48.0, 971: 89.99999999999727, 972: 44.0, 973: 62.9999999999958, 974: 62.9999999999958, 975: 31.000000000000437, 976: 111.00000000000655, 977: 94.00000000000148, 978: 21.000000000000874, 979: 39.00000000000044, 980: 47.99999999999812, 981: 33.000000000000874, 982: 39.99999999999869, 983: 0.0, 984: 23.999999999998117, 985: 52.00000000000043, 986: 21.000000000000874, 987: 0.0, 988: 47.99999999999812, 989: 33.000000000000874, 990: 39.99999999999869, 991: 0.0, 992: 40.999999999997264, 993: 94.00000000000148, 994: 21.000000000000874, 995: 39.00000000000044, 996: 37.000000000006764, 997: 33.000000000000874, 998: 39.99999999999869, 999: 0.0, 1000: 0.0}
M total is 36235.00000000008
********** optimal solution for O **********
(1, 4) 30.0
(2, 7) 70.0
